mode: set
avito-banner/services/authorization/repository/profile/profile_repo.go:25.67,29.16 3 0
avito-banner/services/authorization/repository/profile/profile_repo.go:29.16,31.3 1 0
avito-banner/services/authorization/repository/profile/profile_repo.go:32.2,33.16 2 0
avito-banner/services/authorization/repository/profile/profile_repo.go:33.16,35.3 1 0
avito-banner/services/authorization/repository/profile/profile_repo.go:36.2,38.33 2 0
avito-banner/services/authorization/repository/profile/profile_repo.go:41.96,46.16 3 1
avito-banner/services/authorization/repository/profile/profile_repo.go:46.16,47.36 1 1
avito-banner/services/authorization/repository/profile/profile_repo.go:47.36,49.4 1 1
avito-banner/services/authorization/repository/profile/profile_repo.go:50.3,50.73 1 1
avito-banner/services/authorization/repository/profile/profile_repo.go:53.2,53.24 1 1
avito-banner/services/authorization/repository/profile/profile_repo.go:56.62,62.16 3 1
avito-banner/services/authorization/repository/profile/profile_repo.go:62.16,63.36 1 1
avito-banner/services/authorization/repository/profile/profile_repo.go:63.36,65.4 1 1
avito-banner/services/authorization/repository/profile/profile_repo.go:66.3,66.69 1 1
avito-banner/services/authorization/repository/profile/profile_repo.go:69.2,69.18 1 1
avito-banner/services/authorization/repository/profile/profile_repo.go:72.73,75.16 3 1
avito-banner/services/authorization/repository/profile/profile_repo.go:75.16,77.3 1 1
avito-banner/services/authorization/repository/profile/profile_repo.go:79.2,79.12 1 1
avito-banner/services/authorization/repository/profile/profile_repo.go:82.65,87.16 3 1
avito-banner/services/authorization/repository/profile/profile_repo.go:87.16,88.36 1 1
avito-banner/services/authorization/repository/profile/profile_repo.go:88.36,90.4 1 1
avito-banner/services/authorization/repository/profile/profile_repo.go:91.3,91.72 1 1
avito-banner/services/authorization/repository/profile/profile_repo.go:94.2,94.20 1 1
avito-banner/services/authorization/repository/profile/profile_repo.go:97.64,101.16 3 0
avito-banner/services/authorization/repository/profile/profile_repo.go:101.16,103.3 1 0
avito-banner/services/authorization/repository/profile/profile_repo.go:105.2,105.22 1 0
avito-banner/services/banner/repository/banner/banner_repo.go:27.67,31.16 3 0
avito-banner/services/banner/repository/banner/banner_repo.go:31.16,33.3 1 0
avito-banner/services/banner/repository/banner/banner_repo.go:34.2,35.16 2 0
avito-banner/services/banner/repository/banner/banner_repo.go:35.16,37.3 1 0
avito-banner/services/banner/repository/banner/banner_repo.go:38.2,40.33 2 0
avito-banner/services/banner/repository/banner/banner_repo.go:43.96,47.16 3 1
avito-banner/services/banner/repository/banner/banner_repo.go:47.16,48.36 1 1
avito-banner/services/banner/repository/banner/banner_repo.go:48.36,50.4 1 0
avito-banner/services/banner/repository/banner/banner_repo.go:52.3,52.62 1 1
avito-banner/services/banner/repository/banner/banner_repo.go:55.2,55.21 1 1
avito-banner/services/banner/repository/banner/banner_repo.go:58.76,62.16 3 0
avito-banner/services/banner/repository/banner/banner_repo.go:62.16,64.3 1 0
avito-banner/services/banner/repository/banner/banner_repo.go:66.2,66.18 1 0
avito-banner/services/banner/repository/banner/banner_repo.go:66.18,70.17 3 0
avito-banner/services/banner/repository/banner/banner_repo.go:70.17,72.4 1 0
avito-banner/services/banner/repository/banner/banner_repo.go:74.3,74.27 1 0
avito-banner/services/banner/repository/banner/banner_repo.go:77.2,77.19 1 0
avito-banner/services/banner/repository/banner/banner_repo.go:80.65,84.16 3 0
avito-banner/services/banner/repository/banner/banner_repo.go:84.16,85.36 1 0
avito-banner/services/banner/repository/banner/banner_repo.go:85.36,87.4 1 0
avito-banner/services/banner/repository/banner/banner_repo.go:89.3,89.70 1 0
avito-banner/services/banner/repository/banner/banner_repo.go:92.2,92.18 1 0
avito-banner/services/banner/repository/banner/banner_repo.go:95.79,97.16 2 0
avito-banner/services/banner/repository/banner/banner_repo.go:97.16,99.3 1 0
avito-banner/services/banner/repository/banner/banner_repo.go:101.2,102.16 2 0
avito-banner/services/banner/repository/banner/banner_repo.go:102.16,104.3 1 0
avito-banner/services/banner/repository/banner/banner_repo.go:106.2,108.16 2 0
avito-banner/services/banner/repository/banner/banner_repo.go:108.16,110.17 2 0
avito-banner/services/banner/repository/banner/banner_repo.go:110.17,112.4 1 0
avito-banner/services/banner/repository/banner/banner_repo.go:113.3,113.67 1 0
avito-banner/services/banner/repository/banner/banner_repo.go:116.2,117.16 2 0
avito-banner/services/banner/repository/banner/banner_repo.go:117.16,119.17 2 0
avito-banner/services/banner/repository/banner/banner_repo.go:119.17,121.4 1 0
avito-banner/services/banner/repository/banner/banner_repo.go:122.3,122.76 1 0
avito-banner/services/banner/repository/banner/banner_repo.go:125.2,125.18 1 0
avito-banner/services/banner/repository/banner/banner_repo.go:128.128,133.34 4 0
avito-banner/services/banner/repository/banner/banner_repo.go:133.34,135.3 1 0
avito-banner/services/banner/repository/banner/banner_repo.go:135.8,135.23 1 0
avito-banner/services/banner/repository/banner/banner_repo.go:135.23,137.3 1 0
avito-banner/services/banner/repository/banner/banner_repo.go:137.8,137.27 1 0
avito-banner/services/banner/repository/banner/banner_repo.go:137.27,139.3 1 0
avito-banner/services/banner/repository/banner/banner_repo.go:139.8,141.3 1 0
avito-banner/services/banner/repository/banner/banner_repo.go:143.2,143.16 1 0
avito-banner/services/banner/repository/banner/banner_repo.go:143.16,145.3 1 0
avito-banner/services/banner/repository/banner/banner_repo.go:147.2,147.18 1 0
avito-banner/services/banner/repository/banner/banner_repo.go:147.18,151.17 3 0
avito-banner/services/banner/repository/banner/banner_repo.go:151.17,153.4 1 0
avito-banner/services/banner/repository/banner/banner_repo.go:155.3,156.17 2 0
avito-banner/services/banner/repository/banner/banner_repo.go:156.17,158.4 1 0
avito-banner/services/banner/repository/banner/banner_repo.go:160.3,161.36 2 0
avito-banner/services/banner/repository/banner/banner_repo.go:164.2,164.22 1 0
avito-banner/services/banner/repository/banner/banner_repo.go:167.71,169.16 2 0
avito-banner/services/banner/repository/banner/banner_repo.go:169.16,171.3 1 0
avito-banner/services/banner/repository/banner/banner_repo.go:173.2,174.16 2 0
avito-banner/services/banner/repository/banner/banner_repo.go:174.16,176.3 1 0
avito-banner/services/banner/repository/banner/banner_repo.go:178.2,179.16 2 0
avito-banner/services/banner/repository/banner/banner_repo.go:179.16,181.17 2 0
avito-banner/services/banner/repository/banner/banner_repo.go:181.17,183.4 1 0
avito-banner/services/banner/repository/banner/banner_repo.go:185.3,185.65 1 0
avito-banner/services/banner/repository/banner/banner_repo.go:188.2,188.38 1 0
avito-banner/services/banner/repository/banner/banner_repo.go:188.38,190.17 2 0
avito-banner/services/banner/repository/banner/banner_repo.go:190.17,192.18 2 0
avito-banner/services/banner/repository/banner/banner_repo.go:192.18,194.5 1 0
avito-banner/services/banner/repository/banner/banner_repo.go:195.4,195.66 1 0
avito-banner/services/banner/repository/banner/banner_repo.go:199.2,199.36 1 0
avito-banner/services/banner/repository/banner/banner_repo.go:199.36,201.3 1 0
avito-banner/services/banner/repository/banner/banner_repo.go:203.2,203.12 1 0
avito-banner/services/banner/repository/banner/banner_repo.go:206.66,208.16 2 0
avito-banner/services/banner/repository/banner/banner_repo.go:208.16,210.3 1 0
avito-banner/services/banner/repository/banner/banner_repo.go:212.2,213.16 2 0
avito-banner/services/banner/repository/banner/banner_repo.go:213.16,214.36 1 0
avito-banner/services/banner/repository/banner/banner_repo.go:214.36,216.4 1 0
avito-banner/services/banner/repository/banner/banner_repo.go:218.3,218.67 1 0
avito-banner/services/banner/repository/banner/banner_repo.go:221.2,222.16 2 0
avito-banner/services/banner/repository/banner/banner_repo.go:222.16,224.3 1 0
avito-banner/services/banner/repository/banner/banner_repo.go:226.2,226.36 1 0
avito-banner/services/banner/repository/banner/banner_repo.go:226.36,228.3 1 0
avito-banner/services/banner/repository/banner/banner_repo.go:230.2,230.18 1 0
