mode: set
avito-banner/services/authorization/repository/profile/profile_repo.go:29.90,33.16 3 0
avito-banner/services/authorization/repository/profile/profile_repo.go:33.16,35.3 1 0
avito-banner/services/authorization/repository/profile/profile_repo.go:37.2,40.12 3 0
avito-banner/services/authorization/repository/profile/profile_repo.go:40.12,42.3 1 0
avito-banner/services/authorization/repository/profile/profile_repo.go:44.2,44.31 1 0
avito-banner/services/authorization/repository/profile/profile_repo.go:44.31,47.3 2 0
avito-banner/services/authorization/repository/profile/profile_repo.go:49.2,52.18 3 0
avito-banner/services/authorization/repository/profile/profile_repo.go:55.69,59.33 3 0
avito-banner/services/authorization/repository/profile/profile_repo.go:59.33,61.17 2 0
avito-banner/services/authorization/repository/profile/profile_repo.go:61.17,63.4 1 0
avito-banner/services/authorization/repository/profile/profile_repo.go:65.3,67.49 3 0
avito-banner/services/authorization/repository/profile/profile_repo.go:70.2,70.61 1 0
avito-banner/services/authorization/repository/profile/profile_repo.go:73.117,78.16 3 1
avito-banner/services/authorization/repository/profile/profile_repo.go:78.16,79.36 1 1
avito-banner/services/authorization/repository/profile/profile_repo.go:79.36,81.4 1 1
avito-banner/services/authorization/repository/profile/profile_repo.go:82.3,82.73 1 1
avito-banner/services/authorization/repository/profile/profile_repo.go:85.2,85.24 1 1
avito-banner/services/authorization/repository/profile/profile_repo.go:88.83,94.16 3 1
avito-banner/services/authorization/repository/profile/profile_repo.go:94.16,95.36 1 1
avito-banner/services/authorization/repository/profile/profile_repo.go:95.36,97.4 1 1
avito-banner/services/authorization/repository/profile/profile_repo.go:98.3,98.69 1 1
avito-banner/services/authorization/repository/profile/profile_repo.go:101.2,101.18 1 1
avito-banner/services/authorization/repository/profile/profile_repo.go:104.94,107.16 3 1
avito-banner/services/authorization/repository/profile/profile_repo.go:107.16,109.3 1 1
avito-banner/services/authorization/repository/profile/profile_repo.go:111.2,111.12 1 1
avito-banner/services/authorization/repository/profile/profile_repo.go:114.86,119.16 3 1
avito-banner/services/authorization/repository/profile/profile_repo.go:119.16,120.36 1 1
avito-banner/services/authorization/repository/profile/profile_repo.go:120.36,122.4 1 1
avito-banner/services/authorization/repository/profile/profile_repo.go:123.3,123.72 1 1
avito-banner/services/authorization/repository/profile/profile_repo.go:126.2,126.20 1 1
avito-banner/services/authorization/repository/profile/profile_repo.go:129.85,133.16 3 0
avito-banner/services/authorization/repository/profile/profile_repo.go:133.16,135.3 1 0
avito-banner/services/authorization/repository/profile/profile_repo.go:137.2,137.22 1 0
avito-banner/services/banner/usecase/core.go:36.66,38.16 2 0
avito-banner/services/banner/usecase/core.go:38.16,40.3 1 0
avito-banner/services/banner/usecase/core.go:41.2,43.20 2 0
avito-banner/services/banner/usecase/core.go:46.107,48.16 2 0
avito-banner/services/banner/usecase/core.go:48.16,50.3 1 0
avito-banner/services/banner/usecase/core.go:51.2,54.16 3 0
avito-banner/services/banner/usecase/core.go:54.16,56.3 1 0
avito-banner/services/banner/usecase/core.go:58.2,64.18 2 0
avito-banner/services/banner/usecase/core.go:67.82,69.16 2 0
avito-banner/services/banner/usecase/core.go:69.16,71.3 1 0
avito-banner/services/banner/usecase/core.go:73.2,73.11 1 0
avito-banner/services/banner/usecase/core.go:73.11,75.3 1 0
avito-banner/services/banner/usecase/core.go:77.2,77.18 1 0
avito-banner/services/banner/usecase/core.go:80.135,82.16 2 0
avito-banner/services/banner/usecase/core.go:82.16,84.3 1 0
avito-banner/services/banner/usecase/core.go:86.2,86.11 1 0
avito-banner/services/banner/usecase/core.go:86.11,88.3 1 0
avito-banner/services/banner/usecase/core.go:90.2,91.16 2 0
avito-banner/services/banner/usecase/core.go:91.16,93.3 1 0
avito-banner/services/banner/usecase/core.go:95.2,95.17 1 0
avito-banner/services/banner/usecase/core.go:95.17,97.3 1 0
avito-banner/services/banner/usecase/core.go:99.2,100.16 2 0
avito-banner/services/banner/usecase/core.go:100.16,102.3 1 0
avito-banner/services/banner/usecase/core.go:104.2,104.19 1 0
avito-banner/services/banner/usecase/core.go:104.19,106.3 1 0
avito-banner/services/banner/usecase/core.go:108.2,108.26 1 0
avito-banner/services/banner/usecase/core.go:111.163,113.16 2 0
avito-banner/services/banner/usecase/core.go:113.16,115.3 1 0
avito-banner/services/banner/usecase/core.go:117.2,117.21 1 0
avito-banner/services/banner/usecase/core.go:120.80,122.16 2 0
avito-banner/services/banner/usecase/core.go:122.16,124.3 1 0
avito-banner/services/banner/usecase/core.go:126.2,126.19 1 0
avito-banner/services/banner/usecase/core.go:129.81,131.16 2 0
avito-banner/services/banner/usecase/core.go:131.16,133.3 1 0
avito-banner/services/banner/usecase/core.go:135.2,135.10 1 0
avito-banner/services/banner/usecase/core.go:135.10,137.3 1 0
avito-banner/services/banner/usecase/core.go:139.2,140.16 2 0
avito-banner/services/banner/usecase/core.go:140.16,142.3 1 0
avito-banner/services/banner/usecase/core.go:144.2,144.18 1 0
avito-banner/services/banner/usecase/core.go:147.94,148.54 1 0
avito-banner/services/banner/usecase/core.go:148.54,150.3 1 0
avito-banner/services/banner/usecase/core.go:152.2,153.16 2 0
avito-banner/services/banner/usecase/core.go:153.16,155.3 1 0
avito-banner/services/banner/usecase/core.go:157.2,157.10 1 0
avito-banner/services/banner/usecase/core.go:157.10,159.3 1 0
avito-banner/services/banner/usecase/core.go:161.2,162.16 2 0
avito-banner/services/banner/usecase/core.go:162.16,164.3 1 0
avito-banner/services/banner/usecase/core.go:166.2,166.18 1 0
avito-banner/services/banner/usecase/core.go:169.86,170.54 1 0
avito-banner/services/banner/usecase/core.go:170.54,172.3 1 0
avito-banner/services/banner/usecase/core.go:174.2,175.16 2 0
avito-banner/services/banner/usecase/core.go:175.16,177.3 1 0
avito-banner/services/banner/usecase/core.go:179.2,179.12 1 0
avito-banner/services/banner/usecase/core.go:182.75,184.16 2 0
avito-banner/services/banner/usecase/core.go:184.16,186.3 1 0
avito-banner/services/banner/usecase/core.go:187.2,187.28 1 0
avito-banner/services/banner/usecase/core.go:190.76,192.16 2 0
avito-banner/services/banner/usecase/core.go:192.16,194.3 1 0
avito-banner/services/banner/usecase/core.go:196.2,196.23 1 0
